0 info it worked if it ends with ok
1 verbose cli [ '/usr/bin/node',
1 verbose cli   '/usr/bin/npm',
1 verbose cli   'run',
1 verbose cli   'lint',
1 verbose cli   '--prefix',
1 verbose cli   './src/main/vue' ]
2 info using npm@3.5.2
3 info using node@v6.11.4
4 verbose run-script [ 'prelint', 'lint', 'postlint' ]
5 info lifecycle canvas_vle@1.0.0~prelint: canvas_vle@1.0.0
6 silly lifecycle canvas_vle@1.0.0~prelint: no script for prelint, continuing
7 info lifecycle canvas_vle@1.0.0~lint: canvas_vle@1.0.0
8 verbose lifecycle canvas_vle@1.0.0~lint: unsafe-perm in lifecycle true
9 verbose lifecycle canvas_vle@1.0.0~lint: PATH: /usr/share/npm/bin/node-gyp-bin:/home/polo/PSE_Hokkies/src/main/vue/node_modules/.bin:/home/polo/anaconda/bin:/home/polo/virtual-tf/bin:/usr/local/sbin:/usr/local/bin:/usr/sbin:/usr/bin:/sbin:/bin:/usr/games:/usr/local/games:/snap/bin:/home/polo/bin
10 verbose lifecycle canvas_vle@1.0.0~lint: CWD: /home/polo/PSE_Hokkies/src/main/vue
11 silly lifecycle canvas_vle@1.0.0~lint: Args: [ '-c', 'eslint --ext .js,.vue src ../../test/vue/unit' ]
12 silly lifecycle canvas_vle@1.0.0~lint: Returned: code: 1  signal: null
13 info lifecycle canvas_vle@1.0.0~lint: Failed to exec lint script
14 verbose stack Error: canvas_vle@1.0.0 lint: `eslint --ext .js,.vue src ../../test/vue/unit`
14 verbose stack Exit status 1
14 verbose stack     at EventEmitter.<anonymous> (/usr/share/npm/lib/utils/lifecycle.js:232:16)
14 verbose stack     at emitTwo (events.js:106:13)
14 verbose stack     at EventEmitter.emit (events.js:191:7)
14 verbose stack     at ChildProcess.<anonymous> (/usr/share/npm/lib/utils/spawn.js:24:14)
14 verbose stack     at emitTwo (events.js:106:13)
14 verbose stack     at ChildProcess.emit (events.js:191:7)
14 verbose stack     at maybeClose (internal/child_process.js:920:16)
14 verbose stack     at Process.ChildProcess._handle.onexit (internal/child_process.js:230:5)
15 verbose pkgid canvas_vle@1.0.0
16 verbose cwd /home/polo/PSE_Hokkies
17 error Linux 4.16.3-041603-generic
18 error argv "/usr/bin/node" "/usr/bin/npm" "run" "lint" "--prefix" "./src/main/vue"
19 error node v6.11.4
20 error npm  v3.5.2
21 error code ELIFECYCLE
22 error canvas_vle@1.0.0 lint: `eslint --ext .js,.vue src ../../test/vue/unit`
22 error Exit status 1
23 error Failed at the canvas_vle@1.0.0 lint script 'eslint --ext .js,.vue src ../../test/vue/unit'.
23 error Make sure you have the latest version of node.js and npm installed.
23 error If you do, this is most likely a problem with the canvas_vle package,
23 error not with npm itself.
23 error Tell the author that this fails on your system:
23 error     eslint --ext .js,.vue src ../../test/vue/unit
23 error You can get information on how to open an issue for this project with:
23 error     npm bugs canvas_vle
23 error Or if that isn't available, you can get their info via:
23 error     npm owner ls canvas_vle
23 error There is likely additional logging output above.
24 verbose exit [ 1, true ]
